Vector store to be created
Vector store created
{
  text: 'The president honored Justice Stephen Breyer, mentioning that he has dedicated his life to serving the country. Justice Breyer is an Army veteran, Constitutional scholar, and retiring Justice of the United States Supreme Court. The president thanked Justice Breyer for his service.',
  sourceDocuments: [
    Document {
      pageContent: 'In state after state, new laws have been passed, not only to suppress the vote, but to subvert entire elections. \n' +
        '\n' +
        'We cannot let this happen. \n' +
        '\n' +
        'Tonight. I call on the Senate to: Pass the Freedom to Vote Act. Pass the John Lewis Voting Rights Act. And while you’re at it, pass the Disclose Act so Americans can know who is funding our elections. \n' +
        '\n' +
        'Tonight, I’d like to honor someone who has dedicated his life to serve this country: Justice Stephen Breyer—an Army veteran, Constitutional scholar, and retiring Justice of the United States Supreme Court. Justice Breyer, thank you for your service. \n' +
        '\n' +
        'One of the most serious constitutional responsibilities a President has is nominating someone to serve on the United States Supreme Court. \n' +
        '\n' +
        'And I did that 4 days ago, when I nominated Circuit Court of Appeals Judge Ketanji Brown Jackson. One of our nation’s top legal minds, who will continue Justice Breyer’s legacy of excellence.',
      metadata: [Object]
    },
    Document {
      pageContent: 'And I did that 4 days ago, when I nominated Circuit Court of Appeals Judge Ketanji Brown Jackson. One of our nation’s top legal minds, who will continue Justice Breyer’s legacy of excellence. \n' +
        '\n' +
        'A former top litigator in private practice. A former federal public defender. And from a family of public school educators and police officers. A consensus builder. Since she’s been nominated, she’s received a broad range of support—from the Fraternal Order of Police to former judges appointed by Democrats and Republicans. \n' +
        '\n' +
        'And if we are to advance liberty and justice, we need to secure the Border and fix the immigration system. \n' +
        '\n' +
        'We can do both. At our border, we’ve installed new technology like cutting-edge scanners to better detect drug smuggling.  \n' +
        '\n' +
        'We’ve set up joint patrols with Mexico and Guatemala to catch more human traffickers.  \n' +
        '\n' +
        'We’re putting in place dedicated immigration judges so families fleeing persecution and violence can have their cases heard faster.',
      metadata: [Object]
    },
    Document {
      pageContent: 'Let’s get it done once and for all. \n' +
        '\n' +
        'Advancing liberty and justice also requires protecting the rights of women. \n' +
        '\n' +
        'The constitutional right affirmed in Roe v. Wade—standing precedent for half a century—is under attack as never before. \n' +
        '\n' +
        'If we want to go forward—not backward—we must protect access to health care. Preserve a woman’s right to choose. And let’s continue to advance maternal health care in America. \n' +
        '\n' +
        'And for our LGBTQ+ Americans, let’s finally get the bipartisan Equality Act to my desk. The onslaught of state laws targeting transgender Americans and their families is wrong. \n' +
        '\n' +
        'As I said last year, especially to our younger transgender Americans, I will always have your back as your President, so you can be yourself and reach your God-given potential.',
      metadata: [Object]
    },
    Document {
      pageContent: 'As I said last year, especially to our younger transgender Americans, I will always have your back as your President, so you can be yourself and reach your God-given potential. \n' +
        '\n' +
        'While it often appears that we never agree, that isn’t true. I signed 80 bipartisan bills into law last year. From preventing government shutdowns to protecting Asian-Americans from still-too-common hate crimes to reforming military justice. \n' +
        '\n' +
        'And soon, we’ll strengthen the Violence Against Women Act that I first wrote three decades ago. It is important for us to show the nation that we can come together and do big things. \n' +
        '\n' +
        'So tonight I’m offering a Unity Agenda for the Nation. Four big things we can do together.  \n' +
        '\n' +
        'First, beat the opioid epidemic. \n' +
        '\n' +
        'There is so much we can do. Increase funding for prevention, treatment, harm reduction, and recovery.',
      metadata: [Object]
    }
  ]
}
{
  text: 'The speaker expressed appreciation and honor for Justice Breyer, stating, "Tonight, I’d like to honor someone who has dedicated his life to serve this country: Justice Stephen Breyer—an Army veteran, Constitutional scholar, and retiring Justice of the United States Supreme Court. Justice Breyer, thank you for your service." This shows that the speaker holds a positive opinion of Justice Breyer and acknowledges his contributions to the country.',
  sourceDocuments: [
    Document {
      pageContent: 'In state after state, new laws have been passed, not only to suppress the vote, but to subvert entire elections. \n' +
        '\n' +
        'We cannot let this happen. \n' +
        '\n' +
        'Tonight. I call on the Senate to: Pass the Freedom to Vote Act. Pass the John Lewis Voting Rights Act. And while you’re at it, pass the Disclose Act so Americans can know who is funding our elections. \n' +
        '\n' +
        'Tonight, I’d like to honor someone who has dedicated his life to serve this country: Justice Stephen Breyer—an Army veteran, Constitutional scholar, and retiring Justice of the United States Supreme Court. Justice Breyer, thank you for your service. \n' +
        '\n' +
        'One of the most serious constitutional responsibilities a President has is nominating someone to serve on the United States Supreme Court. \n' +
        '\n' +
        'And I did that 4 days ago, when I nominated Circuit Court of Appeals Judge Ketanji Brown Jackson. One of our nation’s top legal minds, who will continue Justice Breyer’s legacy of excellence.',
      metadata: [Object]
    },
    Document {
      pageContent: 'And I did that 4 days ago, when I nominated Circuit Court of Appeals Judge Ketanji Brown Jackson. One of our nation’s top legal minds, who will continue Justice Breyer’s legacy of excellence. \n' +
        '\n' +
        'A former top litigator in private practice. A former federal public defender. And from a family of public school educators and police officers. A consensus builder. Since she’s been nominated, she’s received a broad range of support—from the Fraternal Order of Police to former judges appointed by Democrats and Republicans. \n' +
        '\n' +
        'And if we are to advance liberty and justice, we need to secure the Border and fix the immigration system. \n' +
        '\n' +
        'We can do both. At our border, we’ve installed new technology like cutting-edge scanners to better detect drug smuggling.  \n' +
        '\n' +
        'We’ve set up joint patrols with Mexico and Guatemala to catch more human traffickers.  \n' +
        '\n' +
        'We’re putting in place dedicated immigration judges so families fleeing persecution and violence can have their cases heard faster.',
      metadata: [Object]
    },
    Document {
      pageContent: 'Let’s get it done once and for all. \n' +
        '\n' +
        'Advancing liberty and justice also requires protecting the rights of women. \n' +
        '\n' +
        'The constitutional right affirmed in Roe v. Wade—standing precedent for half a century—is under attack as never before. \n' +
        '\n' +
        'If we want to go forward—not backward—we must protect access to health care. Preserve a woman’s right to choose. And let’s continue to advance maternal health care in America. \n' +
        '\n' +
        'And for our LGBTQ+ Americans, let’s finally get the bipartisan Equality Act to my desk. The onslaught of state laws targeting transgender Americans and their families is wrong. \n' +
        '\n' +
        'As I said last year, especially to our younger transgender Americans, I will always have your back as your President, so you can be yourself and reach your God-given potential.',
      metadata: [Object]
    },
    Document {
      pageContent: 'And built the strongest, freest, and most prosperous nation the world has ever known. \n' +
        '\n' +
        'Now is the hour. \n' +
        '\n' +
        'Our moment of responsibility. \n' +
        '\n' +
        'Our test of resolve and conscience, of history itself. \n' +
        '\n' +
        'It is in this moment that our character is formed. Our purpose is found. Our future is forged. \n' +
        '\n' +
        'Well I know this nation.  \n' +
        '\n' +
        'We will meet the test. \n' +
        '\n' +
        'To protect freedom and liberty, to expand fairness and opportunity. \n' +
        '\n' +
        'We will save democracy. \n' +
        '\n' +
        'As hard as these times have been, I am more optimistic about America today than I have been my whole life. \n' +
        '\n' +
        'Because I see the future that is within our grasp. \n' +
        '\n' +
        'Because I know there is simply nothing beyond our capacity. \n' +
        '\n' +
        'We are the only nation on Earth that has always turned every crisis we have faced into an opportunity. \n' +
        '\n' +
        'The only nation that can be defined by a single word: possibilities. \n' +
        '\n' +
        'So on this night, in our 245th year as a nation, I have come to report on the State of the Union.',
      metadata: [Object]
    }
  ]
}
